# JRE version: OpenJDK Runtime Environment (17.0.6) (build 17.0.6+0-b2043.56-10027231)
# Java VM: OpenJDK 64-Bit Server VM (17.0.6+0-b2043.56-10027231, mixed mode, tiered, compressed oops, compressed class ptrs, g1 gc, windows-amd64)
GC Precious Log:
 CPUs: 4 total, 4 available
 Memory: 7920M
 Large Page Support: Disabled
 NUMA Support: Disabled
 Compressed Oops: Enabled (32-bit)
 Heap Region Size: 1M
 Heap Min Capacity: 8M
 Heap Initial Capacity: 124M
 Heap Max Capacity: 2G
 Pre-touch: Disabled
 Parallel Workers: 4
 Concurrent Workers: 1
 Concurrent Refinement Workers: 4
 Periodic GC: Disabled
Heap:
 garbage-first heap   total 297984K, used 156160K [0x0000000080000000, 0x0000000100000000)
  region size 1024K, 8 young (8192K), 8 survivors (8192K)
 Metaspace       used 147497K, committed 148928K, reserved 1179648K
  class space    used 19381K, committed 20032K, reserved 1048576K
GC Heap History (20 events):
Event: 7592.733 GC heap after
{Heap after GC invocations=101 (full 0):
 garbage-first heap   total 297984K, used 135015K [0x0000000080000000, 0x0000000100000000)
  region size 1024K, 2 young (2048K), 2 survivors (2048K)
 Metaspace       used 146202K, committed 147712K, reserved 1179648K
  class space    used 19292K, committed 19968K, reserved 1048576K
}
Event: 7618.820 GC heap before
{Heap before GC invocations=101 (full 0):
 garbage-first heap   total 297984K, used 233319K [0x0000000080000000, 0x0000000100000000)
  region size 1024K, 100 young (102400K), 2 survivors (2048K)
 Metaspace       used 146641K, committed 147968K, reserved 1179648K
  class space    used 19349K, committed 19968K, reserved 1048576K
}
Event: 7618.860 GC heap after
{Heap after GC invocations=102 (full 0):
 garbage-first heap   total 297984K, used 137063K [0x0000000080000000, 0x0000000100000000)
  region size 1024K, 4 young (4096K), 4 survivors (4096K)
 Metaspace       used 146641K, committed 147968K, reserved 1179648K
  class space    used 19349K, committed 19968K, reserved 1048576K
}
Event: 7625.521 GC heap before
{Heap before GC invocations=103 (full 0):
 garbage-first heap   total 297984K, used 246631K [0x0000000080000000, 0x0000000100000000)
  region size 1024K, 107 young (109568K), 4 survivors (4096K)
 Metaspace       used 147124K, committed 148416K, reserved 1179648K
  class space    used 19355K, committed 19968K, reserved 1048576K
}
Event: 7625.572 GC heap after
{Heap after GC invocations=104 (full 0):
 garbage-first heap   total 297984K, used 141000K [0x0000000080000000, 0x0000000100000000)
  region size 1024K, 8 young (8192K), 8 survivors (8192K)
 Metaspace       used 147124K, committed 148416K, reserved 1179648K
  class space    used 19355K, committed 19968K, reserved 1048576K
}
Event: 7625.709 GC heap before
{Heap before GC invocations=104 (full 0):
 garbage-first heap   total 297984K, used 147144K [0x0000000080000000, 0x0000000100000000)
  region size 1024K, 14 young (14336K), 8 survivors (8192K)
 Metaspace       used 147158K, committed 148480K, reserved 1179648K
  class space    used 19355K, committed 19968K, reserved 1048576K
}
Event: 7625.820 GC heap after
{Heap after GC invocations=105 (full 0):
 garbage-first heap   total 297984K, used 133153K [0x0000000080000000, 0x0000000100000000)
  region size 1024K, 2 young (2048K), 2 survivors (2048K)
 Metaspace       used 147158K, committed 148480K, reserved 1179648K
  class space    used 19355K, committed 19968K, reserved 1048576K
}
Event: 7626.331 GC heap before
{Heap before GC invocations=105 (full 0):
 garbage-first heap   total 297984K, used 141345K [0x0000000080000000, 0x0000000100000000)
  region size 1024K, 12 young (12288K), 2 survivors (2048K)
 Metaspace       used 147161K, committed 148480K, reserved 1179648K
  class space    used 19355K, committed 19968K, reserved 1048576K
}
Event: 7626.347 GC heap after
{Heap after GC invocations=106 (full 0):
 garbage-first heap   total 297984K, used 135137K [0x0000000080000000, 0x0000000100000000)
  region size 1024K, 4 young (4096K), 4 survivors (4096K)
 Metaspace       used 147161K, committed 148480K, reserved 1179648K
  class space    used 19355K, committed 19968K, reserved 1048576K
}
Event: 7914.843 GC heap before
{Heap before GC invocations=107 (full 0):
 garbage-first heap   total 297984K, used 230369K [0x0000000080000000, 0x0000000100000000)
  region size 1024K, 97 young (99328K), 4 survivors (4096K)
 Metaspace       used 147371K, committed 148800K, reserved 1179648K
  class space    used 19378K, committed 20032K, reserved 1048576K
}
Event: 7914.902 GC heap after
{Heap after GC invocations=108 (full 0):
 garbage-first heap   total 297984K, used 139744K [0x0000000080000000, 0x0000000100000000)
  region size 1024K, 9 young (9216K), 9 survivors (9216K)
 Metaspace       used 147371K, committed 148800K, reserved 1179648K
  class space    used 19378K, committed 20032K, reserved 1048576K
}
Event: 7915.050 GC heap before
{Heap before GC invocations=108 (full 0):
 garbage-first heap   total 297984K, used 146912K [0x0000000080000000, 0x0000000100000000)
  region size 1024K, 14 young (14336K), 9 survivors (9216K)
 Metaspace       used 147372K, committed 148800K, reserved 1179648K
  class space    used 19378K, committed 20032K, reserved 1048576K
}
Event: 7915.127 GC heap after
{Heap after GC invocations=109 (full 0):
 garbage-first heap   total 297984K, used 143215K [0x0000000080000000, 0x0000000100000000)
  region size 1024K, 2 young (2048K), 2 survivors (2048K)
 Metaspace       used 147372K, committed 148800K, reserved 1179648K
  class space    used 19378K, committed 20032K, reserved 1048576K
}
Event: 7916.229 GC heap before
{Heap before GC invocations=109 (full 0):
 garbage-first heap   total 297984K, used 172911K [0x0000000080000000, 0x0000000100000000)
  region size 1024K, 32 young (32768K), 2 survivors (2048K)
 Metaspace       used 147406K, committed 148800K, reserved 1179648K
  class space    used 19379K, committed 20032K, reserved 1048576K
}
Event: 7916.285 GC heap after
{Heap after GC invocations=110 (full 0):
 garbage-first heap   total 297984K, used 158658K [0x0000000080000000, 0x0000000100000000)
  region size 1024K, 12 young (12288K), 12 survivors (12288K)
 Metaspace       used 147406K, committed 148800K, reserved 1179648K
  class space    used 19379K, committed 20032K, reserved 1048576K
}
Event: 7919.009 GC heap before
{Heap before GC invocations=111 (full 0):
 garbage-first heap   total 297984K, used 237506K [0x0000000080000000, 0x0000000100000000)
  region size 1024K, 64 young (65536K), 12 survivors (12288K)
 Metaspace       used 147442K, committed 148864K, reserved 1179648K
  class space    used 19381K, committed 20032K, reserved 1048576K
}
Event: 7919.120 GC heap after
{Heap after GC invocations=112 (full 0):
 garbage-first heap   total 297984K, used 162343K [0x0000000080000000, 0x0000000100000000)
  region size 1024K, 6 young (6144K), 6 survivors (6144K)
 Metaspace       used 147442K, committed 148864K, reserved 1179648K
  class space    used 19381K, committed 20032K, reserved 1048576K
}
Event: 7919.446 GC heap before
{Heap before GC invocations=112 (full 0):
 garbage-first heap   total 297984K, used 170535K [0x0000000080000000, 0x0000000100000000)
  region size 1024K, 14 young (14336K), 6 survivors (6144K)
 Metaspace       used 147454K, committed 148864K, reserved 1179648K
  class space    used 19381K, committed 20032K, reserved 1048576K
}
Event: 7919.538 GC heap after
{Heap after GC invocations=113 (full 0):
 garbage-first heap   total 297984K, used 148350K [0x0000000080000000, 0x0000000100000000)
  region size 1024K, 2 young (2048K), 2 survivors (2048K)
 Metaspace       used 147454K, committed 148864K, reserved 1179648K
  class space    used 19381K, committed 20032K, reserved 1048576K
}
Event: 7926.727 GC heap before
{Heap before GC invocations=113 (full 0):
 garbage-first heap   total 297984K, used 211838K [0x0000000080000000, 0x0000000100000000)
  region size 1024K, 64 young (65536K), 2 survivors (2048K)
 Metaspace       used 147497K, committed 148928K, reserved 1179648K
  class space    used 19381K, committed 20032K, reserved 1048576K
}

