# JRE version: OpenJDK Runtime Environment (17.0.6) (build 17.0.6+0-b2043.56-10027231)
# Java VM: OpenJDK 64-Bit Server VM (17.0.6+0-b2043.56-10027231, mixed mode, tiered, compressed oops, compressed class ptrs, g1 gc, windows-amd64)
GC Precious Log:
 CPUs: 4 total, 4 available
 Memory: 7920M
 Large Page Support: Disabled
 NUMA Support: Disabled
 Compressed Oops: Enabled (32-bit)
 Heap Region Size: 1M
 Heap Min Capacity: 8M
 Heap Initial Capacity: 124M
 Heap Max Capacity: 2G
 Pre-touch: Disabled
 Parallel Workers: 4
 Concurrent Workers: 1
 Concurrent Refinement Workers: 4
 Periodic GC: Disabled
Heap:
 garbage-first heap   total 304128K, used 135938K [0x0000000080000000, 0x0000000100000000)
  region size 1024K, 11 young (11264K), 11 survivors (11264K)
 Metaspace       used 146001K, committed 147776K, reserved 1179648K
  class space    used 19204K, committed 20032K, reserved 1048576K
GC Heap History (20 events):
Event: 17354.689 GC heap after
{Heap after GC invocations=95 (full 2):
 garbage-first heap   total 304128K, used 128774K [0x0000000080000000, 0x0000000100000000)
  region size 1024K, 2 young (2048K), 2 survivors (2048K)
 Metaspace       used 144088K, committed 145408K, reserved 1179648K
  class space    used 18912K, committed 19520K, reserved 1048576K
}
Event: 17363.941 GC heap before
{Heap before GC invocations=95 (full 2):
 garbage-first heap   total 304128K, used 157446K [0x0000000080000000, 0x0000000100000000)
  region size 1024K, 32 young (32768K), 2 survivors (2048K)
 Metaspace       used 144124K, committed 145408K, reserved 1179648K
  class space    used 18914K, committed 19520K, reserved 1048576K
}
Event: 17363.967 GC heap after
{Heap after GC invocations=96 (full 2):
 garbage-first heap   total 304128K, used 130111K [0x0000000080000000, 0x0000000100000000)
  region size 1024K, 3 young (3072K), 3 survivors (3072K)
 Metaspace       used 144124K, committed 145408K, reserved 1179648K
  class space    used 18914K, committed 19520K, reserved 1048576K
}
Event: 18911.105 GC heap before
{Heap before GC invocations=97 (full 2):
 garbage-first heap   total 304128K, used 237631K [0x0000000080000000, 0x0000000100000000)
  region size 1024K, 113 young (115712K), 3 survivors (3072K)
 Metaspace       used 145198K, committed 146816K, reserved 1179648K
  class space    used 19131K, committed 19904K, reserved 1048576K
}
Event: 18911.220 GC heap after
{Heap after GC invocations=98 (full 2):
 garbage-first heap   total 304128K, used 127950K [0x0000000080000000, 0x0000000100000000)
  region size 1024K, 7 young (7168K), 7 survivors (7168K)
 Metaspace       used 145198K, committed 146816K, reserved 1179648K
  class space    used 19131K, committed 19904K, reserved 1048576K
}
Event: 18911.603 GC heap before
{Heap before GC invocations=98 (full 2):
 garbage-first heap   total 304128K, used 135118K [0x0000000080000000, 0x0000000100000000)
  region size 1024K, 14 young (14336K), 7 survivors (7168K)
 Metaspace       used 145243K, committed 146880K, reserved 1179648K
  class space    used 19136K, committed 19904K, reserved 1048576K
}
Event: 18911.699 GC heap after
{Heap after GC invocations=99 (full 2):
 garbage-first heap   total 304128K, used 122680K [0x0000000080000000, 0x0000000100000000)
  region size 1024K, 2 young (2048K), 2 survivors (2048K)
 Metaspace       used 145243K, committed 146880K, reserved 1179648K
  class space    used 19136K, committed 19904K, reserved 1048576K
}
Event: 18913.756 GC heap before
{Heap before GC invocations=99 (full 2):
 garbage-first heap   total 304128K, used 140088K [0x0000000080000000, 0x0000000100000000)
  region size 1024K, 21 young (21504K), 2 survivors (2048K)
 Metaspace       used 145503K, committed 147200K, reserved 1179648K
  class space    used 19181K, committed 19968K, reserved 1048576K
}
Event: 18913.791 GC heap after
{Heap after GC invocations=100 (full 2):
 garbage-first heap   total 304128K, used 125236K [0x0000000080000000, 0x0000000100000000)
  region size 1024K, 5 young (5120K), 5 survivors (5120K)
 Metaspace       used 145503K, committed 147200K, reserved 1179648K
  class space    used 19181K, committed 19968K, reserved 1048576K
}
Event: 18941.606 GC heap before
{Heap before GC invocations=101 (full 2):
 garbage-first heap   total 304128K, used 249140K [0x0000000080000000, 0x0000000100000000)
  region size 1024K, 110 young (112640K), 5 survivors (5120K)
 Metaspace       used 145674K, committed 147456K, reserved 1179648K
  class space    used 19195K, committed 20032K, reserved 1048576K
}
Event: 18941.668 GC heap after
{Heap after GC invocations=102 (full 2):
 garbage-first heap   total 304128K, used 127349K [0x0000000080000000, 0x0000000100000000)
  region size 1024K, 9 young (9216K), 9 survivors (9216K)
 Metaspace       used 145674K, committed 147456K, reserved 1179648K
  class space    used 19195K, committed 20032K, reserved 1048576K
}
Event: 18957.628 GC heap before
{Heap before GC invocations=102 (full 2):
 garbage-first heap   total 304128K, used 132469K [0x0000000080000000, 0x0000000100000000)
  region size 1024K, 14 young (14336K), 9 survivors (9216K)
 Metaspace       used 145680K, committed 147456K, reserved 1179648K
  class space    used 19195K, committed 20032K, reserved 1048576K
}
Event: 18957.682 GC heap after
{Heap after GC invocations=103 (full 2):
 garbage-first heap   total 304128K, used 120389K [0x0000000080000000, 0x0000000100000000)
  region size 1024K, 2 young (2048K), 2 survivors (2048K)
 Metaspace       used 145680K, committed 147456K, reserved 1179648K
  class space    used 19195K, committed 20032K, reserved 1048576K
}
Event: 18957.717 GC heap before
{Heap before GC invocations=103 (full 2):
 garbage-first heap   total 304128K, used 122437K [0x0000000080000000, 0x0000000100000000)
  region size 1024K, 5 young (5120K), 2 survivors (2048K)
 Metaspace       used 145680K, committed 147456K, reserved 1179648K
  class space    used 19195K, committed 20032K, reserved 1048576K
}
Event: 18957.725 GC heap after
{Heap after GC invocations=104 (full 2):
 garbage-first heap   total 304128K, used 119586K [0x0000000080000000, 0x0000000100000000)
  region size 1024K, 1 young (1024K), 1 survivors (1024K)
 Metaspace       used 145680K, committed 147456K, reserved 1179648K
  class space    used 19195K, committed 20032K, reserved 1048576K
}
Event: 19269.752 GC heap before
{Heap before GC invocations=105 (full 2):
 garbage-first heap   total 304128K, used 241442K [0x0000000080000000, 0x0000000100000000)
  region size 1024K, 119 young (121856K), 1 survivors (1024K)
 Metaspace       used 145869K, committed 147584K, reserved 1179648K
  class space    used 19201K, committed 20032K, reserved 1048576K
}
Event: 19269.861 GC heap after
{Heap after GC invocations=106 (full 2):
 garbage-first heap   total 304128K, used 127073K [0x0000000080000000, 0x0000000100000000)
  region size 1024K, 8 young (8192K), 8 survivors (8192K)
 Metaspace       used 145869K, committed 147584K, reserved 1179648K
  class space    used 19201K, committed 20032K, reserved 1048576K
}
Event: 19270.142 GC heap before
{Heap before GC invocations=106 (full 2):
 garbage-first heap   total 304128K, used 133217K [0x0000000080000000, 0x0000000100000000)
  region size 1024K, 14 young (14336K), 8 survivors (8192K)
 Metaspace       used 145888K, committed 147648K, reserved 1179648K
  class space    used 19201K, committed 20032K, reserved 1048576K
}
Event: 19270.271 GC heap after
{Heap after GC invocations=107 (full 2):
 garbage-first heap   total 304128K, used 126416K [0x0000000080000000, 0x0000000100000000)
  region size 1024K, 2 young (2048K), 2 survivors (2048K)
 Metaspace       used 145888K, committed 147648K, reserved 1179648K
  class space    used 19201K, committed 20032K, reserved 1048576K
}
Event: 20185.931 GC heap before
{Heap before GC invocations=107 (full 2):
 garbage-first heap   total 304128K, used 242128K [0x0000000080000000, 0x0000000100000000)
  region size 1024K, 115 young (117760K), 2 survivors (2048K)
 Metaspace       used 146001K, committed 147776K, reserved 1179648K
  class space    used 19204K, committed 20032K, reserved 1048576K
}

